\BOOKMARK [0][-]{chapter*.5}{Introduction}{}% 1
\BOOKMARK [0][-]{chapter.1}{The Governing Equations }{}% 2
\BOOKMARK [1][-]{section.1.1}{The 3D Incompressible Boussinesq Equations}{chapter.1}% 3
\BOOKMARK [1][-]{section.1.2}{The Vertical Slice Model}{chapter.1}% 4
\BOOKMARK [1][-]{section.1.3}{The Geostrophic Momentum Approximation }{chapter.1}% 5
\BOOKMARK [0][-]{chapter.2}{The Frontogenesis Model as an Optimal Transport Problem }{}% 6
\BOOKMARK [1][-]{section.2.1}{The Semi-Geostrophic Equations }{chapter.2}% 7
\BOOKMARK [1][-]{section.2.2}{Energy Minimisation as an Optimal Transportation Problem}{chapter.2}% 8
\BOOKMARK [2][-]{subsection.2.2.1}{Finding an Inverse Transformation}{section.2.2}% 9
\BOOKMARK [2][-]{subsection.2.2.2}{The Monge-Amp\350re equation and Optimal Transportation}{section.2.2}% 10
\BOOKMARK [0][-]{chapter.3}{Using Semi-discrete Optimal Transport to solve the Semi-Geostrophic Equations }{}% 11
\BOOKMARK [1][-]{section.3.1}{Semi-discrete Optimal Transport}{chapter.3}% 12
\BOOKMARK [1][-]{section.3.2}{Laguerre Cells and the Inclusion of weights}{chapter.3}% 13
\BOOKMARK [1][-]{section.3.3}{Applying semi-discrete optimal transport to solving the semi-geostrophic equations}{chapter.3}% 14
\BOOKMARK [1][-]{section.3.4}{Extension for Periodic Boundary Conditions}{chapter.3}% 15
\BOOKMARK [2][-]{subsection.3.4.1}{Calculating Moments of a cell with Periodic Boundary Conditions}{section.3.4}% 16
\BOOKMARK [2][-]{subsection.3.4.2}{Mapping to the Fundamental Domain}{section.3.4}% 17
\BOOKMARK [1][-]{section.3.5}{Validating the application of DA to the system SG/EM}{chapter.3}% 18
\BOOKMARK [0][-]{chapter.4}{A Numerical Solution to the Eady Model for Frontogenesis }{}% 19
\BOOKMARK [1][-]{section.4.1}{Algorithm for solving the semi-geostrophic Eady model for Frontogenesis }{chapter.4}% 20
\BOOKMARK [1][-]{section.4.2}{Initialisation of Points in Geostrophic Space }{chapter.4}% 21
\BOOKMARK [1][-]{section.4.3}{Choice of Initial Weights }{chapter.4}% 22
\BOOKMARK [1][-]{section.4.4}{Time Stepping }{chapter.4}% 23
\BOOKMARK [2][-]{subsection.4.4.1}{Forward-Euler Scheme}{section.4.4}% 24
\BOOKMARK [2][-]{subsection.4.4.2}{Heun's Method }{section.4.4}% 25
\BOOKMARK [1][-]{section.4.5}{Visualising the Output }{chapter.4}% 26
\BOOKMARK [0][-]{chapter.5}{Numerical Simulations and Results }{}% 27
\BOOKMARK [1][-]{section.5.1}{Physical interpretation of Results }{chapter.5}% 28
\BOOKMARK [1][-]{section.5.2}{Total Energy as a Measurement of Error }{chapter.5}% 29
\BOOKMARK [1][-]{section.5.3}{A Comparison of Time Stepping Methods }{chapter.5}% 30
\BOOKMARK [1][-]{section.5.4}{Computational Performance}{chapter.5}% 31
\BOOKMARK [0][-]{chapter*.36}{Conclusion}{}% 32
\BOOKMARK [0][-]{appendix.A}{First Appendix}{}% 33
